#! /c/Source/iverilog-install/bin/vvp
:ivl_version "12.0 (devel)" "(s20150603-1539-g2693dd32b)";
:ivl_delay_selection "TYPICAL";
:vpi_time_precision - 12;
:vpi_module "C:\iverilog\lib\ivl\system.vpi";
:vpi_module "C:\iverilog\lib\ivl\vhdl_sys.vpi";
:vpi_module "C:\iverilog\lib\ivl\vhdl_textio.vpi";
:vpi_module "C:\iverilog\lib\ivl\v2005_math.vpi";
:vpi_module "C:\iverilog\lib\ivl\va_math.vpi";
S_00000222bbd76c00 .scope module, "ALU_TB" "ALU_TB" 2 3;
 .timescale -9 -12;
v00000222bbd36cb0_0 .var "A", 31 0;
v00000222bbd77070_0 .var "ALUControl", 2 0;
v00000222bbd83420_0 .var "B", 31 0;
v00000222bbd83c40_0 .net "Result", 31 0, v00000222bbd75380_0;  1 drivers
v00000222bbd832e0_0 .net "Zero", 0 0, L_00000222bbd83560;  1 drivers
S_00000222bbd3bd90 .scope module, "DUT" "ALU" 2 16, 3 1 0, S_00000222bbd76c00;
 .timescale -9 -12;
    .port_info 0 /INPUT 32 "A";
    .port_info 1 /INPUT 32 "B";
    .port_info 2 /INPUT 3 "ALUControl";
    .port_info 3 /OUTPUT 32 "Result";
    .port_info 4 /OUTPUT 1 "Zero";
v00000222bbd37040_0 .net "A", 31 0, v00000222bbd36cb0_0;  1 drivers
v00000222bbd3bf20_0 .net "ALUControl", 2 0, v00000222bbd77070_0;  1 drivers
v00000222bbd752e0_0 .net "B", 31 0, v00000222bbd83420_0;  1 drivers
v00000222bbd75380_0 .var "Result", 31 0;
v00000222bbd368f0_0 .net "Zero", 0 0, L_00000222bbd83560;  alias, 1 drivers
L_00000222bbddb048 .functor BUFT 1, C4<00000000000000000000000000000000>, C4<0>, C4<0>, C4<0>;
v00000222bbd36990_0 .net/2u *"_ivl_0", 31 0, L_00000222bbddb048;  1 drivers
v00000222bbd36a30_0 .net *"_ivl_2", 0 0, L_00000222bbd82e80;  1 drivers
L_00000222bbddb090 .functor BUFT 1, C4<1>, C4<0>, C4<0>, C4<0>;
v00000222bbd36ad0_0 .net/2u *"_ivl_4", 0 0, L_00000222bbddb090;  1 drivers
L_00000222bbddb0d8 .functor BUFT 1, C4<0>, C4<0>, C4<0>, C4<0>;
v00000222bbd36b70_0 .net/2u *"_ivl_6", 0 0, L_00000222bbddb0d8;  1 drivers
E_00000222bbd76940 .event anyedge, v00000222bbd3bf20_0, v00000222bbd37040_0, v00000222bbd752e0_0;
L_00000222bbd82e80 .cmp/eq 32, v00000222bbd75380_0, L_00000222bbddb048;
L_00000222bbd83560 .functor MUXZ 1, L_00000222bbddb0d8, L_00000222bbddb090, L_00000222bbd82e80, C4<>;
S_00000222bbd76ee0 .scope task, "print_result" "print_result" 2 69, 2 69 0, S_00000222bbd76c00;
 .timescale -9 -12;
v00000222bbd36c10_0 .var "op_name", 80 1;
TD_ALU_TB.print_result ;
    %vpi_call 2 72 "$display", "%4t | %s     | %h | %h | %h |  %b", $time, v00000222bbd36c10_0, v00000222bbd36cb0_0, v00000222bbd83420_0, v00000222bbd83c40_0, v00000222bbd832e0_0 {0 0 0};
    %end;
    .scope S_00000222bbd3bd90;
T_1 ;
    %wait E_00000222bbd76940;
    %load/vec4 v00000222bbd3bf20_0;
    %dup/vec4;
    %pushi/vec4 0, 0, 3;
    %cmp/u;
    %jmp/1 T_1.0, 6;
    %dup/vec4;
    %pushi/vec4 1, 0, 3;
    %cmp/u;
    %jmp/1 T_1.1, 6;
    %dup/vec4;
    %pushi/vec4 2, 0, 3;
    %cmp/u;
    %jmp/1 T_1.2, 6;
    %dup/vec4;
    %pushi/vec4 3, 0, 3;
    %cmp/u;
    %jmp/1 T_1.3, 6;
    %dup/vec4;
    %pushi/vec4 4, 0, 3;
    %cmp/u;
    %jmp/1 T_1.4, 6;
    %dup/vec4;
    %pushi/vec4 5, 0, 3;
    %cmp/u;
    %jmp/1 T_1.5, 6;
    %pushi/vec4 0, 0, 32;
    %store/vec4 v00000222bbd75380_0, 0, 32;
    %jmp T_1.7;
T_1.0 ;
    %load/vec4 v00000222bbd37040_0;
    %load/vec4 v00000222bbd752e0_0;
    %add;
    %store/vec4 v00000222bbd75380_0, 0, 32;
    %jmp T_1.7;
T_1.1 ;
    %load/vec4 v00000222bbd37040_0;
    %load/vec4 v00000222bbd752e0_0;
    %sub;
    %store/vec4 v00000222bbd75380_0, 0, 32;
    %jmp T_1.7;
T_1.2 ;
    %load/vec4 v00000222bbd37040_0;
    %load/vec4 v00000222bbd752e0_0;
    %and;
    %store/vec4 v00000222bbd75380_0, 0, 32;
    %jmp T_1.7;
T_1.3 ;
    %load/vec4 v00000222bbd37040_0;
    %load/vec4 v00000222bbd752e0_0;
    %or;
    %store/vec4 v00000222bbd75380_0, 0, 32;
    %jmp T_1.7;
T_1.4 ;
    %load/vec4 v00000222bbd37040_0;
    %load/vec4 v00000222bbd752e0_0;
    %xor;
    %store/vec4 v00000222bbd75380_0, 0, 32;
    %jmp T_1.7;
T_1.5 ;
    %load/vec4 v00000222bbd37040_0;
    %parti/s 1, 31, 6;
    %load/vec4 v00000222bbd752e0_0;
    %parti/s 1, 31, 6;
    %cmp/ne;
    %jmp/0xz  T_1.8, 4;
    %load/vec4 v00000222bbd37040_0;
    %parti/s 1, 31, 6;
    %flag_set/vec4 8;
    %jmp/0xz  T_1.10, 8;
    %pushi/vec4 1, 0, 32;
    %store/vec4 v00000222bbd75380_0, 0, 32;
    %jmp T_1.11;
T_1.10 ;
    %pushi/vec4 0, 0, 32;
    %store/vec4 v00000222bbd75380_0, 0, 32;
T_1.11 ;
    %jmp T_1.9;
T_1.8 ;
    %load/vec4 v00000222bbd37040_0;
    %load/vec4 v00000222bbd752e0_0;
    %cmp/u;
    %jmp/0xz  T_1.12, 5;
    %pushi/vec4 1, 0, 32;
    %store/vec4 v00000222bbd75380_0, 0, 32;
    %jmp T_1.13;
T_1.12 ;
    %pushi/vec4 0, 0, 32;
    %store/vec4 v00000222bbd75380_0, 0, 32;
T_1.13 ;
T_1.9 ;
    %jmp T_1.7;
T_1.7 ;
    %pop/vec4 1;
    %jmp T_1;
    .thread T_1, $push;
    .scope S_00000222bbd76c00;
T_2 ;
    %vpi_call 2 27 "$display", "Time  | Op Code        |     A    |     B    |  Result  | Zero" {0 0 0};
    %vpi_call 2 28 "$display", "------|----------------|----------|----------|----------|----------" {0 0 0};
    %pushi/vec4 10, 0, 32;
    %store/vec4 v00000222bbd36cb0_0, 0, 32;
    %pushi/vec4 20, 0, 32;
    %store/vec4 v00000222bbd83420_0, 0, 32;
    %pushi/vec4 0, 0, 3;
    %store/vec4 v00000222bbd77070_0, 0, 3;
    %delay 10000, 0;
    %pushi/vec4 0, 0, 32; draw_string_vec4
    %pushi/vec4 65, 0, 32; draw_string_vec4
    %concat/vec4; draw_string_vec4
    %pushi/vec4 17476, 0, 16; draw_string_vec4
    %concat/vec4; draw_string_vec4
    %store/vec4 v00000222bbd36c10_0, 0, 80;
    %fork TD_ALU_TB.print_result, S_00000222bbd76ee0;
    %join;
    %pushi/vec4 15, 0, 32;
    %store/vec4 v00000222bbd36cb0_0, 0, 32;
    %pushi/vec4 15, 0, 32;
    %store/vec4 v00000222bbd83420_0, 0, 32;
    %pushi/vec4 1, 0, 3;
    %store/vec4 v00000222bbd77070_0, 0, 3;
    %delay 10000, 0;
    %pushi/vec4 0, 0, 32; draw_string_vec4
    %pushi/vec4 83, 0, 32; draw_string_vec4
    %concat/vec4; draw_string_vec4
    %pushi/vec4 21826, 0, 16; draw_string_vec4
    %concat/vec4; draw_string_vec4
    %store/vec4 v00000222bbd36c10_0, 0, 80;
    %fork TD_ALU_TB.print_result, S_00000222bbd76ee0;
    %join;
    %pushi/vec4 4294901760, 0, 32;
    %store/vec4 v00000222bbd36cb0_0, 0, 32;
    %pushi/vec4 65535, 0, 32;
    %store/vec4 v00000222bbd83420_0, 0, 32;
    %pushi/vec4 2, 0, 3;
    %store/vec4 v00000222bbd77070_0, 0, 3;
    %delay 10000, 0;
    %pushi/vec4 0, 0, 32; draw_string_vec4
    %pushi/vec4 65, 0, 32; draw_string_vec4
    %concat/vec4; draw_string_vec4
    %pushi/vec4 20036, 0, 16; draw_string_vec4
    %concat/vec4; draw_string_vec4
    %store/vec4 v00000222bbd36c10_0, 0, 80;
    %fork TD_ALU_TB.print_result, S_00000222bbd76ee0;
    %join;
    %pushi/vec4 4294901760, 0, 32;
    %store/vec4 v00000222bbd36cb0_0, 0, 32;
    %pushi/vec4 65535, 0, 32;
    %store/vec4 v00000222bbd83420_0, 0, 32;
    %pushi/vec4 3, 0, 3;
    %store/vec4 v00000222bbd77070_0, 0, 3;
    %delay 10000, 0;
    %pushi/vec4 0, 0, 32; draw_string_vec4
    %pushi/vec4 79, 0, 32; draw_string_vec4
    %concat/vec4; draw_string_vec4
    %pushi/vec4 21024, 0, 16; draw_string_vec4
    %concat/vec4; draw_string_vec4
    %store/vec4 v00000222bbd36c10_0, 0, 80;
    %fork TD_ALU_TB.print_result, S_00000222bbd76ee0;
    %join;
    %pushi/vec4 10, 0, 32;
    %store/vec4 v00000222bbd36cb0_0, 0, 32;
    %pushi/vec4 20, 0, 32;
    %store/vec4 v00000222bbd83420_0, 0, 32;
    %pushi/vec4 5, 0, 3;
    %store/vec4 v00000222bbd77070_0, 0, 3;
    %delay 10000, 0;
    %pushi/vec4 0, 0, 32; draw_string_vec4
    %pushi/vec4 83, 0, 32; draw_string_vec4
    %concat/vec4; draw_string_vec4
    %pushi/vec4 19540, 0, 16; draw_string_vec4
    %concat/vec4; draw_string_vec4
    %store/vec4 v00000222bbd36c10_0, 0, 80;
    %fork TD_ALU_TB.print_result, S_00000222bbd76ee0;
    %join;
    %pushi/vec4 4294967295, 0, 32;
    %store/vec4 v00000222bbd36cb0_0, 0, 32;
    %pushi/vec4 1, 0, 32;
    %store/vec4 v00000222bbd83420_0, 0, 32;
    %pushi/vec4 5, 0, 3;
    %store/vec4 v00000222bbd77070_0, 0, 3;
    %delay 10000, 0;
    %pushi/vec4 2822787162, 0, 33;
    %concati/vec4 3296784512, 0, 33;
    %concati/vec4 12585, 0, 14;
    %store/vec4 v00000222bbd36c10_0, 0, 80;
    %fork TD_ALU_TB.print_result, S_00000222bbd76ee0;
    %join;
    %vpi_call 2 65 "$finish" {0 0 0};
    %end;
    .thread T_2;
# The file index is used to find the file name in the following table.
:file_names 4;
    "N/A";
    "<interactive>";
    "ALU_tb.v";
    "./ALU.v";
